<?xml version="1.0" encoding="UTF-8"?>
<!-- Generated by org.testng.reporters.JUnitXMLReporter -->
<testsuite hostname="vchand-lt" ignored="2" name="eribank" tests="1" failures="1" timestamp="14 Nov 2018 08:41:04 GMT" time="27.645" errors="0">
  <testcase name="testEribank" time="24.424" classname="com.experitest.IOSDemo">
    <failure type="com.experitest.client.InternalException" message="Exception caught while executing elementSendText: Element was not identified: &amp;apos;hint=Username&amp;apos; at zone NATIVE">
      <![CDATA[com.experitest.client.InternalException: Exception caught while executing elementSendText: Element was not identified: 'hint=Username' at zone NATIVE
	at com.experitest.client.JavaClientInternals.executeInternally(JavaClientInternals.java:286)
	at com.experitest.client.Client.execute(Client.java:247)
	at com.experitest.client.Client.elementSendText(Client.java:824)
	at com.experitest.IOSDemo.testEribank(IOSDemo.java:47)
... Removed 26 stack frames]]>
    </failure>
  </testcase> <!-- testEribank -->
  <testcase name="testESPN" time="0.0" classname="com.experitest.IOSDemo">
    <ignored/>
  </testcase> <!-- testESPN -->
  <testcase name="testTouchMeNot" time="0.0" classname="com.experitest.IOSDemo">
    <ignored/>
  </testcase> <!-- testTouchMeNot -->
</testsuite> <!-- eribank -->
