<?xml version="1.0" encoding="UTF-8"?>
<!-- Generated by org.testng.reporters.JUnitXMLReporter -->
<testsuite hostname="vchand-lt" ignored="2" name="espn" tests="1" failures="0" timestamp="14 Nov 2018 08:41:36 GMT" time="31.635" errors="0">
  <testcase name="testESPN" time="28.9" classname="com.experitest.IOSDemo"/>
  <testcase name="testEribank" time="0.0" classname="com.experitest.IOSDemo">
    <ignored/>
  </testcase> <!-- testEribank -->
  <testcase name="testTouchMeNot" time="0.0" classname="com.experitest.IOSDemo">
    <ignored/>
  </testcase> <!-- testTouchMeNot -->
</testsuite> <!-- espn -->
