<?xml version="1.0" encoding="UTF-8"?>
<!-- Generated by org.testng.reporters.JUnitXMLReporter -->
<testsuite hostname="vchand-lt" ignored="0" name="Default test" tests="3" failures="0" timestamp="14 Nov 2018 08:19:05 GMT" time="164.173" errors="0">
  <testcase name="testESPN" time="26.426" classname="com.experitest.AndroidDemo"/>
  <testcase name="testEribank" time="64.147" classname="com.experitest.AndroidDemo"/>
  <testcase name="testTouchMeNot" time="65.857" classname="com.experitest.AndroidDemo"/>
</testsuite> <!-- Default test -->
