<?xml version="1.0" encoding="UTF-8"?>
<!-- Generated by org.testng.reporters.JUnitXMLReporter -->
<testsuite hostname="vchand-lt" ignored="2" name="test1" tests="1" failures="1" timestamp="14 Nov 2018 08:14:18 GMT" time="49.95" errors="0">
  <testcase name="testESPN" time="45.847" classname="com.experitest.AndroidDemo">
    <failure type="com.experitest.client.InternalException" message="Exception caught while executing click: Element was not identified: &amp;apos;text=SportsSports&amp;apos; at zone WEB">
      <![CDATA[com.experitest.client.InternalException: Exception caught while executing click: Element was not identified: 'text=SportsSports' at zone WEB
	at com.experitest.client.JavaClientInternals.executeInternally(JavaClientInternals.java:286)
	at com.experitest.client.Client.execute(Client.java:247)
	at com.experitest.client.Client.click(Client.java:487)
	at com.experitest.AndroidDemo.testESPN(AndroidDemo.java:154)
... Removed 25 stack frames]]>
    </failure>
  </testcase> <!-- testESPN -->
  <testcase name="testTouchMeNot" time="0.0" classname="com.experitest.AndroidDemo">
    <ignored/>
  </testcase> <!-- testTouchMeNot -->
  <testcase name="testEribank" time="0.0" classname="com.experitest.AndroidDemo">
    <ignored/>
  </testcase> <!-- testEribank -->
</testsuite> <!-- test1 -->
