<?xml version="1.0" encoding="UTF-8"?>
<testng-results skipped="0" failed="1" ignored="4" total="6" passed="1">
  <reporter-output>
  </reporter-output>
  <suite name="Training" duration-ms="0" started-at="2018-11-14T08:41:36Z" finished-at="2018-11-14T08:41:36Z">
    <groups>
    </groups>
  </suite> <!-- Training -->
  <suite name="IOS" duration-ms="59329" started-at="2018-11-14T08:40:36Z" finished-at="2018-11-14T08:41:36Z">
    <groups>
      <group name="espn">
        <method signature="IOSDemo.testESPN()[pri:0, instance:com.experitest.IOSDemo@6767c1fc]" name="testESPN" class="com.experitest.IOSDemo"/>
      </group> <!-- espn -->
      <group name="eribank">
        <method signature="IOSDemo.testEribank()[pri:0, instance:com.experitest.IOSDemo@9629756]" name="testEribank" class="com.experitest.IOSDemo"/>
      </group> <!-- eribank -->
    </groups>
    <test name="eribank" duration-ms="27645" started-at="2018-11-14T08:40:36Z" finished-at="2018-11-14T08:41:04Z">
      <class name="com.experitest.IOSDemo">
        <test-method status="PASS" signature="setUp()[pri:0, instance:com.experitest.IOSDemo@9629756]" name="setUp" is-config="true" duration-ms="293" started-at="2018-11-14T10:40:36Z" finished-at="2018-11-14T10:40:36Z">
          <reporter-output>
          </reporter-output>
        </test-method> <!-- setUp -->
        <test-method status="FAIL" signature="testEribank()[pri:0, instance:com.experitest.IOSDemo@9629756]" name="testEribank" duration-ms="24424" started-at="2018-11-14T10:40:37Z" finished-at="2018-11-14T10:41:01Z">
          <exception class="com.experitest.client.InternalException">
            <message>
              <![CDATA[Exception caught while executing elementSendText: Element was not identified: 'hint=Username' at zone NATIVE]]>
            </message>
            <full-stacktrace>
              <![CDATA[com.experitest.client.InternalException: Exception caught while executing elementSendText: Element was not identified: 'hint=Username' at zone NATIVE
	at com.experitest.client.JavaClientInternals.executeInternally(JavaClientInternals.java:286)
	at com.experitest.client.Client.execute(Client.java:247)
	at com.experitest.client.Client.elementSendText(Client.java:824)
	at com.experitest.IOSDemo.testEribank(IOSDemo.java:47)
	at sun.reflect.NativeMethodAccessorImpl.invoke0(Native Method)
	at sun.reflect.NativeMethodAccessorImpl.invoke(Unknown Source)
	at sun.reflect.DelegatingMethodAccessorImpl.invoke(Unknown Source)
	at java.lang.reflect.Method.invoke(Unknown Source)
	at org.testng.internal.MethodInvocationHelper.invokeMethod(MethodInvocationHelper.java:104)
	at org.testng.internal.Invoker.invokeMethod(Invoker.java:645)
	at org.testng.internal.Invoker.invokeTestMethod(Invoker.java:851)
	at org.testng.internal.Invoker.invokeTestMethods(Invoker.java:1177)
	at org.testng.internal.TestMethodWorker.invokeTestMethods(TestMethodWorker.java:129)
	at org.testng.internal.TestMethodWorker.run(TestMethodWorker.java:112)
	at org.testng.TestRunner.privateRun(TestRunner.java:756)
	at org.testng.TestRunner.run(TestRunner.java:610)
	at org.testng.SuiteRunner.runTest(SuiteRunner.java:387)
	at org.testng.SuiteRunner.runSequentially(SuiteRunner.java:382)
	at org.testng.SuiteRunner.privateRun(SuiteRunner.java:340)
	at org.testng.SuiteRunner.run(SuiteRunner.java:289)
	at org.testng.SuiteRunnerWorker.runSuite(SuiteRunnerWorker.java:52)
	at org.testng.SuiteRunnerWorker.run(SuiteRunnerWorker.java:86)
	at org.testng.TestNG.runSuitesSequentially(TestNG.java:1293)
	at org.testng.TestNG.runSuitesSequentially(TestNG.java:1289)
	at org.testng.TestNG.runSuitesLocally(TestNG.java:1218)
	at org.testng.TestNG.runSuites(TestNG.java:1133)
	at org.testng.TestNG.run(TestNG.java:1104)
	at org.testng.remote.AbstractRemoteTestNG.run(AbstractRemoteTestNG.java:114)
	at org.testng.remote.RemoteTestNG.initAndRun(RemoteTestNG.java:251)
	at org.testng.remote.RemoteTestNG.main(RemoteTestNG.java:77)
]]>
            </full-stacktrace>
          </exception> <!-- com.experitest.client.InternalException -->
          <reporter-output>
          </reporter-output>
        </test-method> <!-- testEribank -->
        <test-method status="PASS" signature="tearDown()[pri:0, instance:com.experitest.IOSDemo@9629756]" name="tearDown" is-config="true" duration-ms="2896" started-at="2018-11-14T10:41:01Z" finished-at="2018-11-14T10:41:04Z">
          <reporter-output>
          </reporter-output>
        </test-method> <!-- tearDown -->
      </class> <!-- com.experitest.IOSDemo -->
    </test> <!-- eribank -->
    <test name="espn" duration-ms="31635" started-at="2018-11-14T08:41:04Z" finished-at="2018-11-14T08:41:36Z">
      <class name="com.experitest.IOSDemo">
        <test-method status="PASS" signature="setUp()[pri:0, instance:com.experitest.IOSDemo@6767c1fc]" name="setUp" is-config="true" duration-ms="97" started-at="2018-11-14T10:41:04Z" finished-at="2018-11-14T10:41:04Z">
          <reporter-output>
          </reporter-output>
        </test-method> <!-- setUp -->
        <test-method status="PASS" signature="testESPN()[pri:0, instance:com.experitest.IOSDemo@6767c1fc]" name="testESPN" duration-ms="28900" started-at="2018-11-14T10:41:04Z" finished-at="2018-11-14T10:41:33Z">
          <reporter-output>
          </reporter-output>
        </test-method> <!-- testESPN -->
        <test-method status="PASS" signature="tearDown()[pri:0, instance:com.experitest.IOSDemo@6767c1fc]" name="tearDown" is-config="true" duration-ms="2632" started-at="2018-11-14T10:41:33Z" finished-at="2018-11-14T10:41:36Z">
          <reporter-output>
          </reporter-output>
        </test-method> <!-- tearDown -->
      </class> <!-- com.experitest.IOSDemo -->
    </test> <!-- espn -->
  </suite> <!-- IOS -->
</testng-results>
